2022-11-28 20:14:10,545 - MC502 - INFO - Environment info:
------------------------------------------------------------
sys.platform: win32
Python: 3.9.13 (main, Oct 13 2022, 21:23:06) [MSC v.1916 64 bit (AMD64)]
CUDA available: False
MSVC: 用于 x64 的 Microsoft (R) C/C++ 优化编译器 19.34.31933 版
GCC: n/a
PyTorch: 1.13.0
PyTorch compiling details: PyTorch built with:
  - C++ Version: 199711
  - MSVC 192829337
  - Intel(R) Math Kernel Library Version 2020.0.2 Product Build 20200624 for Intel(R) 64 architecture applications
  - Intel(R) MKL-DNN v2.6.0 (Git Hash 52b5f107dd9cf10910aaa19cb47f3abf9b349815)
  - OpenMP 2019
  - LAPACK is enabled (usually provided by MKL)
  - CPU capability usage: AVX2
  - Build settings: BLAS_INFO=mkl, BUILD_TYPE=Release, CUDA_VERSION=11.6, CUDNN_VERSION=8.3.2, CXX_COMPILER=C:/cb/pytorch_1000000000000/work/tmp_bin/sccache-cl.exe, CXX_FLAGS=/DWIN32 /D_WINDOWS /GR /EHsc /w /bigobj -DUSE_PTHREADPOOL -openmp:experimental -IC:/cb/pytorch_1000000000000/work/mkl/include -DNDEBUG -DUSE_KINETO -DLIBKINETO_NOCUPTI -DUSE_FBGEMM -DUSE_XNNPACK -DSYMBOLICATE_MOBILE_DEBUG_HANDLE -DEDGE_PROFILER_USE_KINETO, LAPACK_INFO=mkl, PERF_WITH_AVX=1, PERF_WITH_AVX2=1, PERF_WITH_AVX512=1, TORCH_VERSION=1.13.0, USE_CUDA=ON, USE_CUDNN=ON, USE_EXCEPTION_PTR=1, USE_GFLAGS=OFF, USE_GLOG=OFF, USE_MKL=ON, USE_MKLDNN=ON, USE_MPI=OFF, USE_NCCL=OFF, USE_NNPACK=OFF, USE_OPENMP=ON, USE_ROCM=OFF, 

TorchVision: 0.14.0
OpenCV: 4.6.0
MMCV: 1.7.0
MMCV Compiler: MSVC 192930137
MMCV CUDA Compiler: 11.6
MMClassification: 0.24.1+037b43a
------------------------------------------------------------

2022-11-28 20:14:10,545 - MC502 - INFO - Distributed training: False
2022-11-28 20:14:10,545 - MC502 - INFO - Set random seed to 528652762, deterministic: False
2022-11-28 20:14:10,545 - MC502 - INFO - Create Classification Network.
2022-11-28 20:14:10,618 - MC502 - INFO - -------------------------Start Distiller-----------------------
2022-11-28 20:17:53,456 - MC502 - INFO - CPU Inference Time       : 78541.4930ms
2022-11-28 20:17:53,456 - MC502 - INFO - original acc         : {'accuracy_top-1': 94.8, 'accuracy_top-5': 99.87}
2022-11-28 20:17:53,456 - MC502 - INFO - original model size  : 44.85MB
2022-11-28 20:17:53,456 - MC502 - INFO - original params size : 44.70MB
2022-11-28 20:17:53,456 - MC502 - INFO - original BOPs        : 570584.73M
2022-11-28 20:17:53,471 - MC502 - INFO - {2: 'Conv2d', 10: 'Conv2d', 12: 'Conv2d', 20: 'Conv2d', 22: 'Conv2d', 31: 'Conv2d', 33: 'Conv2d', 40: 'Conv2d', 44: 'Conv2d', 46: 'Conv2d', 55: 'Conv2d', 57: 'Conv2d', 64: 'Conv2d', 68: 'Conv2d', 70: 'Conv2d', 79: 'Conv2d', 81: 'Conv2d', 88: 'Conv2d', 92: 'Conv2d', 94: 'Conv2d', 106: 'Linear'}
